 2/3/2023, 10:44:05 am [32minfo[39m: Listening to port 8080
 2/3/2023, 10:44:32 am [32minfo[39m: Listening to port 8080
 2/3/2023, 10:52:24 am [32minfo[39m: Listening to port 8080
 2/3/2023, 10:53:39 am [32minfo[39m: Listening to port 8080
 2/3/2023, 10:54:03 am [32minfo[39m: Listening to port 8080
 2/3/2023, 10:55:01 am [31merror[39m: Error: 
Invalid `prisma.user.findMany()` invocation in
D:\Iyappan\Boiler-Plate\Express-Prisma-Mongodb\src\services\user.service.js:15:34

  12 };
  13 
  14 const getusers = async () => {
→ 15   const user = await prisma.user.findMany(
error: Error validating datasource `db`: the URL must start with the protocol `postgresql://` or `postgres://`.
  -->  schema.prisma:8
   | 
 7 |   provider = "postgresql"
 8 |   url      = env("DATABASE_URL")
   | 

Validation Error Count: 1
    at RequestHandler.handleRequestError (D:\Iyappan\Boiler-Plate\Express-Prisma-Mongodb\node_modules\@prisma\client\runtime\index.js:34883:13)
    at RequestHandler.handleAndLogRequestError (D:\Iyappan\Boiler-Plate\Express-Prisma-Mongodb\node_modules\@prisma\client\runtime\index.js:34841:12)
    at D:\Iyappan\Boiler-Plate\Express-Prisma-Mongodb\node_modules\@prisma\client\runtime\index.js:35387:25
    at processTicksAndRejections (node:internal/process/task_queues:96:5)
    at async PrismaClient._executeRequest (D:\Iyappan\Boiler-Plate\Express-Prisma-Mongodb\node_modules\@prisma\client\runtime\index.js:35955:22)
    at async PrismaClient._request (D:\Iyappan\Boiler-Plate\Express-Prisma-Mongodb\node_modules\@prisma\client\runtime\index.js:35926:16)
    at async Object.getusers (D:\Iyappan\Boiler-Plate\Express-Prisma-Mongodb\src\services\user.service.js:15:16)
    at async getUsers (D:\Iyappan\Boiler-Plate\Express-Prisma-Mongodb\src\controllers\user.controller.js:11:16)
 2/3/2023, 10:59:51 am [32minfo[39m: Listening to port 8080
 2/3/2023, 11:00:35 am [32minfo[39m: Listening to port 8080
 2/3/2023, 11:00:45 am [32minfo[39m: Listening to port 8080
 2/3/2023, 11:00:50 am [32minfo[39m: Query db.User.aggregate([ { $project: { _id: 1, email: 1, name: 1, address.street: 1, address.city: 1, address.state: 1, address.zip: 1, }, }, ])}
 2/3/2023, 11:00:50 am [32minfo[39m: Params []}
 2/3/2023, 11:00:50 am [32minfo[39m: GET /v1/users 200 - 3596.642 ms
 2/3/2023, 11:01:14 am [32minfo[39m: Listening to port 8080
 2/3/2023, 11:01:46 am [32minfo[39m: Listening to port 8080
 2/3/2023, 11:01:58 am [32minfo[39m: Listening to port 8080
 2/3/2023, 11:02:04 am [32minfo[39m: Query db.User.aggregate([ { $project: { _id: 1, email: 1, name: 1, address.street: 1, address.city: 1, address.state: 1, address.zip: 1, }, }, ])}
 2/3/2023, 11:02:04 am [32minfo[39m: Params []}
 2/3/2023, 11:02:05 am [32minfo[39m: Query db.Post.aggregate([ { $project: { _id: 1, slug: 1, title: 1, body: 1, authorId: 1, }, }, ])}
 2/3/2023, 11:02:05 am [32minfo[39m: Params []}
 2/3/2023, 11:02:05 am [32minfo[39m: GET /v1/users 200 - 5402.102 ms
 2/3/2023, 11:03:29 am [32minfo[39m: Listening to port 8080
 2/3/2023, 11:03:46 am [32minfo[39m: Listening to port 8080
 2/3/2023, 11:04:24 am [32minfo[39m: Listening to port 8080
 2/3/2023, 11:06:45 am [32minfo[39m: Listening to port 8080
 2/3/2023, 11:07:00 am [32minfo[39m: Listening to port 8080
 2/3/2023, 11:09:21 am [32minfo[39m: Listening to port 8080
 2/3/2023, 11:09:32 am [32minfo[39m: Listening to port 8080
 2/3/2023, 11:17:55 am [31merror[39m: MulterError: Unexpected field
    at wrappedFileFilter (D:\Iyappan\Boiler-Plate\Express-Prisma-Mongodb\node_modules\multer\index.js:40:19)
    at Multipart.<anonymous> (D:\Iyappan\Boiler-Plate\Express-Prisma-Mongodb\node_modules\multer\lib\make-middleware.js:107:7)
    at Multipart.emit (node:events:513:28)
    at Multipart.emit (node:domain:489:12)
    at HeaderParser.cb (D:\Iyappan\Boiler-Plate\Express-Prisma-Mongodb\node_modules\busboy\lib\types\multipart.js:358:14)
    at HeaderParser.push (D:\Iyappan\Boiler-Plate\Express-Prisma-Mongodb\node_modules\busboy\lib\types\multipart.js:162:20)
    at SBMH.ssCb [as _cb] (D:\Iyappan\Boiler-Plate\Express-Prisma-Mongodb\node_modules\busboy\lib\types\multipart.js:394:37)
    at feed (D:\Iyappan\Boiler-Plate\Express-Prisma-Mongodb\node_modules\streamsearch\lib\sbmh.js:219:14)
    at SBMH.push (D:\Iyappan\Boiler-Plate\Express-Prisma-Mongodb\node_modules\streamsearch\lib\sbmh.js:104:16)
    at Multipart._write (D:\Iyappan\Boiler-Plate\Express-Prisma-Mongodb\node_modules\busboy\lib\types\multipart.js:567:19)
    at writeOrBuffer (node:internal/streams/writable:391:12)
    at _write (node:internal/streams/writable:332:10)
    at Multipart.Writable.write (node:internal/streams/writable:336:10)
    at IncomingMessage.ondata (node:internal/streams/readable:754:22)
    at IncomingMessage.emit (node:events:513:28)
    at IncomingMessage.emit (node:domain:489:12)
 2/3/2023, 11:17:55 am [31merror[39m: POST /v1/fileserver/uploadFile 400 - 19.731 ms - message: Unexpected field
 2/3/2023, 11:19:18 am [32minfo[39m: Listening to port 8080
 2/3/2023, 11:25:12 am [31merror[39m: TypeError: this.engine.dmmf is not a function
    at oo.getDmmf (D:\Iyappan\Boiler-Plate\Express-Prisma-Mongodb\node_modules\@prisma\client\runtime\index.js:193:3584)
    at async D:\Iyappan\Boiler-Plate\Express-Prisma-Mongodb\node_modules\@prisma\client\runtime\index.js:266:3072
    at async D:\Iyappan\Boiler-Plate\Express-Prisma-Mongodb\node_modules\@prisma\client\runtime\index.js:266:3476
    at async t._executeRequest (D:\Iyappan\Boiler-Plate\Express-Prisma-Mongodb\node_modules\@prisma\client\runtime\index.js:266:11016)
    at async t._request (D:\Iyappan\Boiler-Plate\Express-Prisma-Mongodb\node_modules\@prisma\client\runtime\index.js:266:10745)
    at async Object.getusers (D:\Iyappan\Boiler-Plate\Express-Prisma-Mongodb\src\services\user.service.js:15:16)
    at async getUsers (D:\Iyappan\Boiler-Plate\Express-Prisma-Mongodb\src\controllers\user.controller.js:11:16)
 2/3/2023, 11:25:22 am [32minfo[39m: Listening to port 8080
 2/3/2023, 11:25:28 am [31merror[39m: TypeError: this.engine.dmmf is not a function
    at oo.getDmmf (D:\Iyappan\Boiler-Plate\Express-Prisma-Mongodb\node_modules\@prisma\client\runtime\index.js:193:3584)
    at async D:\Iyappan\Boiler-Plate\Express-Prisma-Mongodb\node_modules\@prisma\client\runtime\index.js:266:3072
    at async D:\Iyappan\Boiler-Plate\Express-Prisma-Mongodb\node_modules\@prisma\client\runtime\index.js:266:3476
    at async t._executeRequest (D:\Iyappan\Boiler-Plate\Express-Prisma-Mongodb\node_modules\@prisma\client\runtime\index.js:266:11016)
    at async t._request (D:\Iyappan\Boiler-Plate\Express-Prisma-Mongodb\node_modules\@prisma\client\runtime\index.js:266:10745)
    at async Object.getusers (D:\Iyappan\Boiler-Plate\Express-Prisma-Mongodb\src\services\user.service.js:15:16)
    at async getUsers (D:\Iyappan\Boiler-Plate\Express-Prisma-Mongodb\src\controllers\user.controller.js:11:16)
 2/3/2023, 11:26:28 am [32minfo[39m: Listening to port 8080
 2/3/2023, 11:27:05 am [32minfo[39m: Listening to port 8080
 2/3/2023, 11:27:28 am [31merror[39m: TypeError: this.engine.dmmf is not a function
    at oo.getDmmf (D:\Iyappan\Boiler-Plate\Express-Prisma-Mongodb\node_modules\@prisma\client\runtime\index.js:193:3584)
    at async D:\Iyappan\Boiler-Plate\Express-Prisma-Mongodb\node_modules\@prisma\client\runtime\index.js:266:3072
    at async D:\Iyappan\Boiler-Plate\Express-Prisma-Mongodb\node_modules\@prisma\client\runtime\index.js:266:3476
    at async t._executeRequest (D:\Iyappan\Boiler-Plate\Express-Prisma-Mongodb\node_modules\@prisma\client\runtime\index.js:266:11016)
    at async t._request (D:\Iyappan\Boiler-Plate\Express-Prisma-Mongodb\node_modules\@prisma\client\runtime\index.js:266:10745)
    at async Object.getusers (D:\Iyappan\Boiler-Plate\Express-Prisma-Mongodb\src\services\user.service.js:15:16)
    at async getUsers (D:\Iyappan\Boiler-Plate\Express-Prisma-Mongodb\src\controllers\user.controller.js:11:16)
 2/3/2023, 11:28:11 am [32minfo[39m: Listening to port 8080
 2/3/2023, 11:28:18 am [31merror[39m: TypeError: this.engine.dmmf is not a function
    at oo.getDmmf (D:\Iyappan\Boiler-Plate\Express-Prisma-Mongodb\node_modules\@prisma\client\runtime\index.js:193:3584)
    at async D:\Iyappan\Boiler-Plate\Express-Prisma-Mongodb\node_modules\@prisma\client\runtime\index.js:266:3072
    at async D:\Iyappan\Boiler-Plate\Express-Prisma-Mongodb\node_modules\@prisma\client\runtime\index.js:266:3476
    at async t._executeRequest (D:\Iyappan\Boiler-Plate\Express-Prisma-Mongodb\node_modules\@prisma\client\runtime\index.js:266:11016)
    at async t._request (D:\Iyappan\Boiler-Plate\Express-Prisma-Mongodb\node_modules\@prisma\client\runtime\index.js:266:10745)
    at async Object.getusers (D:\Iyappan\Boiler-Plate\Express-Prisma-Mongodb\src\services\user.service.js:15:16)
    at async getUsers (D:\Iyappan\Boiler-Plate\Express-Prisma-Mongodb\src\controllers\user.controller.js:11:16)
 2/3/2023, 11:33:04 am [32minfo[39m: Listening to port 8080
 2/3/2023, 11:35:16 am [32minfo[39m: Query db.User.aggregate([ { $project: { _id: 1, email: 1, name: 1, address.street: 1, address.city: 1, address.state: 1, address.zip: 1, }, }, ])}
 2/3/2023, 11:35:16 am [32minfo[39m: Params []}
 2/3/2023, 11:35:16 am [32minfo[39m: Query db.Post.aggregate([ { $project: { _id: 1, slug: 1, title: 1, body: 1, authorId: 1, }, }, ])}
 2/3/2023, 11:35:16 am [32minfo[39m: Params []}
 2/3/2023, 11:35:16 am [32minfo[39m: GET /v1/users 200 - 4694.362 ms
 2/3/2023, 11:35:27 am [32minfo[39m: Query db.User.aggregate([ { $project: { _id: 1, email: 1, name: 1, address.street: 1, address.city: 1, address.state: 1, address.zip: 1, }, }, ])}
 2/3/2023, 11:35:27 am [32minfo[39m: Params []}
 2/3/2023, 11:35:28 am [32minfo[39m: Query db.Post.aggregate([ { $project: { _id: 1, slug: 1, title: 1, body: 1, authorId: 1, }, }, ])}
 2/3/2023, 11:35:28 am [32minfo[39m: Params []}
 2/3/2023, 11:35:28 am [32minfo[39m: GET /v1/users 200 - 463.564 ms
 2/3/2023, 11:41:00 am [32minfo[39m: POST /v1/fileserver/uploadFile 200 - 356.792 ms
 2/3/2023, 11:41:20 am [31merror[39m: MulterError: Unexpected field
    at wrappedFileFilter (D:\Iyappan\Boiler-Plate\Express-Prisma-Mongodb\node_modules\multer\index.js:40:19)
    at Multipart.<anonymous> (D:\Iyappan\Boiler-Plate\Express-Prisma-Mongodb\node_modules\multer\lib\make-middleware.js:107:7)
    at Multipart.emit (node:events:513:28)
    at Multipart.emit (node:domain:489:12)
    at HeaderParser.cb (D:\Iyappan\Boiler-Plate\Express-Prisma-Mongodb\node_modules\busboy\lib\types\multipart.js:358:14)
    at HeaderParser.push (D:\Iyappan\Boiler-Plate\Express-Prisma-Mongodb\node_modules\busboy\lib\types\multipart.js:162:20)
    at SBMH.ssCb [as _cb] (D:\Iyappan\Boiler-Plate\Express-Prisma-Mongodb\node_modules\busboy\lib\types\multipart.js:394:37)
    at feed (D:\Iyappan\Boiler-Plate\Express-Prisma-Mongodb\node_modules\streamsearch\lib\sbmh.js:248:10)
    at SBMH.push (D:\Iyappan\Boiler-Plate\Express-Prisma-Mongodb\node_modules\streamsearch\lib\sbmh.js:104:16)
    at Multipart._write (D:\Iyappan\Boiler-Plate\Express-Prisma-Mongodb\node_modules\busboy\lib\types\multipart.js:567:19)
    at writeOrBuffer (node:internal/streams/writable:391:12)
    at _write (node:internal/streams/writable:332:10)
    at Multipart.Writable.write (node:internal/streams/writable:336:10)
    at IncomingMessage.ondata (node:internal/streams/readable:754:22)
    at IncomingMessage.emit (node:events:513:28)
    at IncomingMessage.emit (node:domain:489:12)
 2/3/2023, 11:41:20 am [31merror[39m: POST /v1/fileserver/uploadFile 400 - 9.843 ms - message: Unexpected field
 2/3/2023, 11:41:25 am [32minfo[39m: POST /v1/fileserver/uploadFile 200 - 298.692 ms
 2/3/2023, 12:06:59 pm [32minfo[39m: POST /v1/fileserver/uploadFile 200 - 471.868 ms
 2/3/2023, 12:17:52 pm [32minfo[39m: POST /v1/fileserver/uploadFile 200 - 746.446 ms
 2/3/2023, 12:18:11 pm [32minfo[39m: POST /v1/fileserver/uploadFile 200 - 606.945 ms
 2/3/2023, 12:39:59 pm [32minfo[39m: Listening to port 8080
 2/3/2023, 12:40:25 pm [32minfo[39m: Listening to port 8080
 2/3/2023, 12:40:31 pm [32minfo[39m: Query db.User.aggregate([ { $project: { _id: 1, email: 1, name: 1, address.street: 1, address.city: 1, address.state: 1, address.zip: 1, }, }, ])}
 2/3/2023, 12:40:31 pm [32minfo[39m: Params []}
 2/3/2023, 12:40:33 pm [32minfo[39m: Query db.Post.aggregate([ { $match: { $expr: { $and: [ { $in: [ "$authorId", [ { $literal: ObjectId("63fde31b8ec6eb0350230986"), }, { $literal: ObjectId("63fde329898f4effa119c835"), }, { $literal: ObjectId("63fde35dab20d579850aa85b"), }, { $literal: ObjectId("63fde35d8568a89825258a4d"), }, ], ], }, { $ne: [ "$authorId", "$$REMOVE", ], }, ], }, }, }, { $project: { _id: 1, slug: 1, title: 1, body: 1, authorId: 1, }, }, ])}
 2/3/2023, 12:40:33 pm [32minfo[39m: Params []}
 2/3/2023, 12:40:34 pm [32minfo[39m: Query db.Post.aggregate([ { $project: { _id: 1, slug: 1, title: 1, body: 1, authorId: 1, }, }, ])}
 2/3/2023, 12:40:34 pm [32minfo[39m: Params []}
 2/3/2023, 12:40:34 pm [32minfo[39m: GET /v1/users 200 - 5664.012 ms
 2/3/2023, 12:43:36 pm [32minfo[39m: Listening to port 8080
 2/3/2023, 12:43:42 pm [32minfo[39m: Query db.User.aggregate([ { $project: { _id: 1, email: 1, name: 1, address.street: 1, address.city: 1, address.state: 1, address.zip: 1, }, }, ])}
 2/3/2023, 12:43:42 pm [32minfo[39m: Params []}
 2/3/2023, 12:43:44 pm [32minfo[39m: Query db.Post.aggregate([ { $match: { $expr: { $and: [ { $in: [ "$authorId", [ { $literal: ObjectId("63fde31b8ec6eb0350230986"), }, { $literal: ObjectId("63fde329898f4effa119c835"), }, { $literal: ObjectId("63fde35dab20d579850aa85b"), }, { $literal: ObjectId("63fde35d8568a89825258a4d"), }, ], ], }, { $ne: [ "$authorId", "$$REMOVE", ], }, ], }, }, }, { $project: { _id: 1, title: 1, authorId: 1, }, }, ])}
 2/3/2023, 12:43:44 pm [32minfo[39m: Params []}
 2/3/2023, 12:43:44 pm [32minfo[39m: Query db.Post.aggregate([ { $project: { _id: 1, slug: 1, title: 1, body: 1, authorId: 1, }, }, ])}
 2/3/2023, 12:43:44 pm [32minfo[39m: Params []}
 2/3/2023, 12:43:44 pm [32minfo[39m: GET /v1/users 200 - 4885.023 ms
 2/3/2023, 12:48:53 pm [32minfo[39m: Listening to port 8080
 2/3/2023, 12:50:15 pm [32minfo[39m: Listening to port 8080
 2/3/2023, 1:08:15 pm [32minfo[39m: Listening to port 8080
